{"_message":"Person validation failed","errors":{"gifts.0.name":{"kind":"required","message":"Path `name` is required.","name":"ValidatorError","path":"name","properties":{"message":"Path `name` is required.","path":"name","type":"required"}},"gifts.1.name":{"kind":"required","message":"Path `name` is required.","name":"ValidatorError","path":"name","properties":{"message":"Path `name` is required.","path":"name","type":"required"}},"gifts.2.name":{"kind":"required","message":"Path `name` is required.","name":"ValidatorError","path":"name","properties":{"message":"Path `name` is required.","path":"name","type":"required"}}},"level":"error","message":"Person validation failed: gifts.0.name: Path `name` is required., gifts.1.name: Path `name` is required., gifts.2.name: Path `name` is required.","name":"ValidationError","service":"giftr"}
{"_message":"Person validation failed","errors":{"gifts.0.name":{"kind":"required","message":"Path `name` is required.","name":"ValidatorError","path":"name","properties":{"message":"Path `name` is required.","path":"name","type":"required"}},"gifts.1.name":{"kind":"required","message":"Path `name` is required.","name":"ValidatorError","path":"name","properties":{"message":"Path `name` is required.","path":"name","type":"required"}},"gifts.2.name":{"kind":"required","message":"Path `name` is required.","name":"ValidatorError","path":"name","properties":{"message":"Path `name` is required.","path":"name","type":"required"}}},"level":"error","message":"Person validation failed: gifts.0.name: Path `name` is required., gifts.1.name: Path `name` is required., gifts.2.name: Path `name` is required.","name":"ValidationError","service":"giftr"}
{"_message":"Person validation failed","errors":{"gifts.0.name":{"kind":"required","message":"Path `name` is required.","name":"ValidatorError","path":"name","properties":{"message":"Path `name` is required.","path":"name","type":"required"}},"gifts.1.name":{"kind":"required","message":"Path `name` is required.","name":"ValidatorError","path":"name","properties":{"message":"Path `name` is required.","path":"name","type":"required"}},"gifts.2.name":{"kind":"required","message":"Path `name` is required.","name":"ValidatorError","path":"name","properties":{"message":"Path `name` is required.","path":"name","type":"required"}}},"level":"error","message":"Person validation failed: gifts.0.name: Path `name` is required., gifts.1.name: Path `name` is required., gifts.2.name: Path `name` is required.","name":"ValidationError","service":"giftr"}
{"_message":"Person validation failed","errors":{"gifts.0.name":{"kind":"required","message":"Path `name` is required.","name":"ValidatorError","path":"name","properties":{"message":"Path `name` is required.","path":"name","type":"required"}},"gifts.1.name":{"kind":"required","message":"Path `name` is required.","name":"ValidatorError","path":"name","properties":{"message":"Path `name` is required.","path":"name","type":"required"}},"gifts.2.name":{"kind":"required","message":"Path `name` is required.","name":"ValidatorError","path":"name","properties":{"message":"Path `name` is required.","path":"name","type":"required"}}},"level":"error","message":"Person validation failed: gifts.0.name: Path `name` is required., gifts.1.name: Path `name` is required., gifts.2.name: Path `name` is required.","name":"ValidationError","service":"giftr"}
{"level":"error","message":{"code":404,"description":"","status":"404","title":"Resource does not exist"},"service":"giftr"}
{"code":404,"description":"We could not find a person with id: 624db02a8218a3415002a152","level":"error","service":"giftr","status":"404","title":"Resource does not exist"}
{"level":"error","service":"giftr"}
{"code":404,"description":"Could not find a Gift with id: 6250d86d6b0b6ad9d3cfb671","level":"error","service":"giftr","status":"404","title":"Resource does not exist"}
{"level":"error","service":"giftr"}
{"_message":"Person validation failed","errors":{"gifts.1.name":{"kind":"minlength","message":"Path `name` (`Toy`) is shorter than the minimum allowed length (4).","name":"ValidatorError","path":"name","properties":{"message":"Path `name` (`Toy`) is shorter than the minimum allowed length (4).","minlength":4,"path":"name","type":"minlength","value":"Toy"},"value":"Toy"},"gifts.1.price":{"kind":"min","message":"Path `price` (30) is less than minimum allowed value (100).","name":"ValidatorError","path":"price","properties":{"message":"Path `price` (30) is less than minimum allowed value (100).","min":100,"path":"price","type":"min","value":30},"value":30}},"level":"error","message":"Person validation failed: gifts.1.name: Path `name` (`Toy`) is shorter than the minimum allowed length (4)., gifts.1.price: Path `price` (30) is less than minimum allowed value (100).","name":"ValidationError","service":"giftr"}
{"_message":"Person validation failed","errors":{"gifts.1.price":{"kind":"min","message":"Path `price` (30) is less than minimum allowed value (100).","name":"ValidatorError","path":"price","properties":{"message":"Path `price` (30) is less than minimum allowed value (100).","min":100,"path":"price","type":"min","value":30},"value":30}},"level":"error","message":"Person validation failed: gifts.1.price: Path `price` (30) is less than minimum allowed value (100).","name":"ValidationError","service":"giftr"}
{"level":"error","service":"giftr"}
{"level":"error","service":"giftr"}
{"level":"error","service":"giftr"}
{"level":"error","service":"giftr"}
{"level":"error","service":"giftr"}
{"code":404,"description":"Could not find a Gift with id: 62519055fd04daa37bacd658","level":"error","service":"giftr","status":"404","title":"Resource does not exist"}
{"code":404,"description":"Could not find a Gift with id: 62519055fd04daa37bacd658","level":"error","service":"giftr","status":"404","title":"Resource does not exist"}
{"level":"error","service":"giftr"}
{"_message":"user validation failed","errors":{"email":{"kind":"user defined","message":"a@a.a is not a valid email address.","name":"ValidatorError","path":"email","properties":{"message":"a@a.a is not a valid email address.","path":"email","type":"user defined","value":"a@a.a"},"value":"a@a.a"}},"level":"error","message":"user validation failed: email: a@a.a is not a valid email address.","name":"ValidationError","service":"giftr"}
{"_message":"Person validation failed","errors":{"gifts.0.price":{"kind":"min","message":"Path `price` (40) is less than minimum allowed value (100).","name":"ValidatorError","path":"price","properties":{"message":"Path `price` (40) is less than minimum allowed value (100).","min":100,"path":"price","type":"min","value":40},"value":40}},"level":"error","message":"Person validation failed: gifts.0.price: Path `price` (40) is less than minimum allowed value (100).","name":"ValidationError","service":"giftr"}
{"kind":"ObjectId","message":"Cast to ObjectId failed for value \"62533ae4d491fd7952472ce\" (type string) at path \"_id\" for model \"Person\"","name":"CastError","path":"_id","reason":{},"stringValue":"\"62533ae4d491fd7952472ce\"","value":"62533ae4d491fd7952472ce","valueType":"string"}
{"code":404,"description":"Could not find a person with id: 62533ae4d491fd7952472ce","level":"error","service":"giftr","status":"404","title":"Resource does not exist"}
{"code":404,"description":"Could not find a person with id: 62533ae4d491fd7952472ce3","level":"error","service":"giftr","status":"404","title":"Resource does not exist"}
{"code":404,"description":"Could not find a person with id: 62533ae4d491fd7952472ce2","level":"error","service":"giftr","status":"404","title":"Resource does not exist"}
{"code":"ERR_HTTP_HEADERS_SENT","level":"error","service":"giftr"}
{"code":404,"description":"Could not find a person with id: 62533ae4d491fd7952472ce2","level":"error","service":"giftr","status":"404","title":"Resource does not exist"}
{"code":"ERR_HTTP_HEADERS_SENT","level":"error","service":"giftr"}
{"code":404,"description":"Could not find a person with id: 62533ae4d491fd7952472ce2","level":"error","service":"giftr","status":"404","title":"Resource does not exist"}
{"code":"ERR_HTTP_HEADERS_SENT","level":"error","service":"giftr"}
{"code":404,"description":"Could not find a person with id: 62533ae4d491fd7952472ce2","level":"error","service":"giftr","status":"404","title":"Resource does not exist"}
{"code":"ERR_HTTP_HEADERS_SENT","level":"error","service":"giftr"}
